SF:lib\movie\model\movie_list.dart
DA:7,2
DA:8,4
DA:9,4
DA:10,4
DA:12,2
DA:13,7
DA:14,3
DA:15,1
DA:17,2
DA:20,4
DA:21,4
DA:22,4
DA:23,4
DA:25,2
DA:28,2
DA:29,2
DA:30,2
DA:31,4
DA:32,2
DA:49,1
DA:50,2
DA:51,2
DA:52,2
DA:53,2
DA:54,3
DA:55,2
DA:56,2
DA:57,2
DA:58,2
DA:59,2
DA:60,2
DA:63,0
DA:64,0
DA:65,2
DA:66,0
DA:67,0
DA:68,2
DA:69,2
DA:70,0
DA:71,0
DA:72,2
DA:73,0
DA:75,1
DA:78,1
DA:79,1
DA:80,1
DA:81,1
DA:82,1
LF:48
LH:41
end_of_record
SF:lib\movie\movie_api_provider.dart
DA:11,1
DA:12,0
DA:14,1
DA:22,1
DA:23,4
DA:24,2
DA:25,4
DA:26,2
DA:27,3
DA:29,1
DA:33,1
DA:34,4
DA:35,2
DA:36,4
DA:37,2
DA:38,3
DA:40,1
DA:44,1
DA:45,4
DA:46,2
DA:47,4
DA:48,2
DA:49,3
DA:51,1
LF:24
LH:23
end_of_record
SF:lib\secret.dart
DA:8,0
DA:10,0
DA:11,0
DA:17,0
DA:19,0
DA:20,0
DA:21,0
DA:22,0
LF:8
LH:0
end_of_record
SF:lib\authentication_bloc\authentication_bloc.dart
DA:9,1
DA:10,0
DA:13,1
DA:14,1
DA:17,1
DA:20,1
DA:21,2
DA:22,1
DA:23,2
DA:24,1
DA:25,2
DA:29,1
DA:31,3
DA:33,3
DA:34,2
DA:37,2
DA:40,0
DA:44,1
DA:45,5
DA:48,1
DA:49,2
DA:50,2
LF:22
LH:20
end_of_record
SF:lib\firebase\user_repository.dart
DA:9,0
DA:10,0
DA:11,0
DA:13,0
DA:14,0
DA:16,0
DA:18,0
DA:19,0
DA:20,0
DA:22,0
DA:23,0
DA:26,0
DA:27,0
DA:33,0
DA:34,0
DA:40,0
DA:41,0
DA:42,0
DA:43,0
DA:47,0
DA:48,0
DA:52,0
DA:53,0
LF:23
LH:0
end_of_record
SF:lib\authentication_bloc\authentication_event.dart
DA:6,2
DA:10,0
DA:15,0
DA:20,0
LF:4
LH:1
end_of_record
SF:lib\authentication_bloc\authentication_state.dart
DA:6,2
DA:10,1
DA:18,3
DA:19,1
DA:21,2
DA:26,1
LF:6
LH:6
end_of_record
SF:lib\movie\bloc\movie_bloc.dart
DA:9,1
DA:10,0
DA:13,1
DA:14,1
DA:17,1
DA:20,1
DA:21,3
DA:22,1
DA:23,3
DA:24,1
DA:25,3
DA:29,1
DA:30,2
DA:33,3
DA:34,2
DA:36,2
DA:40,1
DA:41,2
DA:44,3
DA:45,2
DA:47,2
DA:51,1
DA:52,2
DA:55,3
DA:56,2
DA:58,2
LF:26
LH:25
end_of_record
SF:lib\movie\bloc\movie_event.dart
DA:6,2
DA:12,3
DA:14,0
DA:16,0
DA:23,3
DA:25,0
DA:27,0
DA:34,3
DA:36,0
DA:38,0
LF:10
LH:4
end_of_record
SF:lib\movie\bloc\movie_state.dart
DA:7,2
DA:12,3
DA:14,1
DA:16,3
DA:22,3
DA:24,1
DA:32,3
DA:34,1
DA:41,1
DA:48,1
DA:55,1
LF:11
LH:11
end_of_record
SF:lib\movie\movie_repository.dart
DA:8,0
DA:9,0
DA:11,0
DA:12,0
DA:14,0
DA:15,0
LF:6
LH:0
end_of_record
SF:lib\login\bloc\login_bloc.dart
DA:12,1
DA:14,0
DA:17,1
DA:18,1
DA:20,1
DA:26,2
DA:27,2
DA:29,2
DA:30,2
DA:31,2
DA:32,3
DA:36,1
DA:37,1
DA:38,3
DA:39,1
DA:40,3
DA:41,1
DA:42,0
DA:43,1
DA:44,2
DA:45,1
DA:46,1
DA:51,1
DA:52,3
DA:53,1
DA:57,1
DA:58,3
DA:59,1
DA:63,0
DA:65,0
DA:66,0
DA:68,0
DA:72,1
DA:76,2
DA:78,3
DA:79,2
DA:81,2
LF:37
LH:31
end_of_record
SF:lib\login\bloc\login_event.dart
DA:6,2
DA:12,3
DA:14,0
DA:15,0
DA:21,3
DA:23,0
DA:24,0
DA:28,0
DA:36,1
DA:37,2
DA:39,0
DA:41,0
LF:12
LH:5
end_of_record
SF:lib\login\bloc\login_state.dart
DA:11,0
DA:13,1
DA:21,1
DA:22,1
DA:31,1
DA:32,1
DA:41,1
DA:42,1
DA:51,1
DA:52,1
DA:61,1
DA:65,1
DA:74,1
DA:81,1
DA:82,1
DA:83,1
DA:84,0
DA:85,0
DA:86,0
DA:90,1
DA:93,1
DA:94,1
DA:95,1
DA:96,1
DA:97,1
DA:98,1
LF:26
LH:22
end_of_record
SF:lib\validators.dart
DA:2,6
DA:5,6
DA:9,2
DA:10,4
DA:13,2
DA:14,4
LF:6
LH:6
end_of_record
SF:lib\register\bloc\register_bloc.dart
DA:12,1
DA:13,0
DA:16,1
DA:17,1
DA:19,1
DA:25,2
DA:26,2
DA:28,2
DA:29,2
DA:30,2
DA:31,3
DA:35,1
DA:38,1
DA:39,3
DA:40,1
DA:41,3
DA:42,1
DA:43,4
DA:47,1
DA:48,3
DA:49,1
DA:53,1
DA:54,3
DA:55,1
DA:59,1
DA:63,2
DA:65,3
DA:69,2
DA:71,2
LF:29
LH:28
end_of_record
SF:lib\register\bloc\register_event.dart
DA:6,2
DA:12,3
DA:14,0
DA:15,0
DA:21,3
DA:23,0
DA:24,0
DA:31,1
DA:32,2
DA:34,0
DA:36,0
LF:11
LH:5
end_of_record
SF:lib\register\bloc\register_state.dart
DA:11,0
DA:13,1
DA:21,1
DA:22,1
DA:31,1
DA:32,1
DA:41,1
DA:42,1
DA:51,1
DA:52,1
DA:61,1
DA:65,1
DA:74,1
DA:81,1
DA:82,1
DA:83,1
DA:84,0
DA:85,0
DA:86,0
DA:90,1
DA:93,1
DA:94,1
DA:95,1
DA:96,1
DA:97,1
DA:98,1
LF:26
LH:22
end_of_record
